<?xml version="1.0" encoding="UTF-8"?>
<!--
    author: Jens Pelzetter
-->

<persistence xmlns="http://xmlns.jcp.org/xml/ns/persistence"
             xmlns:xsi="http://www.w3.org/2001/XMLSchema-instance"
             xsi:schemaLocation="http://xmlns.jcp.org/xml/ns/persistence http://xmlns.jcp.org/xml/ns/persistence/persistence_2_1.xsd"
             version="2.1">
    
    <persistence-unit name="WebPageBuilder2" transaction-type="JTA">
        
        <provider>org.hibernate.jpa.HibernatePersistenceProvider</provider>
        
        <jta-data-source>java:/comp/env/jdbc/webpagebuilder2/db</jta-data-source>
        
        <properties>
            <property name="hibernate.hbm2ddl.auto" value="verify"/>
            <property name="hibernate.connection.autocommit" value="false" />
            <property name="hibernate.id.new_generator_mappings" value="true"/>
            
            <!-- Properties for Envers -->
            <property name="org.hibernate.envers.audit_table_suffix" value="_audit"/>
            <property name="org.hibernate.envers.revision_field_name" value="rev"/>
            <property name="org.hibernate.envers.revision_type_field_name" value="rev_type"/>
            <property name="org.hibernate.envers.audit_strategy_validity_end_rev_field_name" 
                      value="rev_end"/>
            <property name="org.hibernate.envers.audit_strategy_validity_revend_timestamp_field_name" 
                      value="rev_end_timestamp"/>
            <property name="org.hibernate.envers.embeddable_set_ordinal_field_name" 
                      value="SETORDINAL"/>
        </properties>
        
    </persistence-unit>
    
</persistence>